\BOOKMARK [1][-]{Doc-Start}{\376\377\000L\000E\000M\000B\000A\000R\000\040\000P\000E\000N\000G\000E\000S\000A\000H\000A\000N}{}% 1
\BOOKMARK [1][-]{Doc-Start}{\376\377\000K\000A\000T\000A\000\040\000P\000E\000N\000G\000A\000N\000T\000A\000R}{}% 2
\BOOKMARK [1][-]{Item.6}{\376\377\000P\000E\000R\000N\000Y\000A\000T\000A\000A\000N}{}% 3
\BOOKMARK [1][-]{Item.11}{\376\377\000A\000B\000S\000T\000R\000A\000K}{}% 4
\BOOKMARK [1][-]{Item.11}{\376\377\000A\000B\000S\000T\000R\000A\000C\000T}{}% 5
\BOOKMARK [0][-]{chapter.1}{\376\377\000P\000e\000n\000d\000a\000h\000u\000l\000u\000a\000n}{}% 6
\BOOKMARK [1][-]{section.1.1}{\376\377\000L\000a\000t\000a\000r\000\040\000B\000e\000l\000a\000k\000a\000n\000g}{chapter.1}% 7
\BOOKMARK [1][-]{section.1.2}{\376\377\000R\000u\000m\000u\000s\000a\000n\000\040\000M\000a\000s\000a\000l\000a\000h}{chapter.1}% 8
\BOOKMARK [1][-]{section.1.3}{\376\377\000T\000u\000j\000u\000a\000n}{chapter.1}% 9
\BOOKMARK [1][-]{section.1.4}{\376\377\000C\000a\000k\000u\000p\000a\000n\000\040\000P\000e\000n\000g\000e\000r\000j\000a\000a\000n}{chapter.1}% 10
\BOOKMARK [1][-]{section.1.5}{\376\377\000T\000a\000h\000a\000p\000a\000n\000\040\000P\000e\000n\000g\000e\000r\000j\000a\000a\000n}{chapter.1}% 11
\BOOKMARK [0][-]{chapter.2}{\376\377\000P\000E\000R\000S\000Y\000A\000R\000A\000T\000A\000N\000\040\000S\000I\000S\000T\000E\000M\000\040}{}% 12
\BOOKMARK [1][-]{section.2.1}{\376\377\000D\000e\000s\000k\000r\000i\000p\000s\000i\000\040\000I\000n\000s\000t\000a\000n\000s\000i\000/\000P\000e\000n\000g\000g\000u\000n\000a}{chapter.2}% 13
\BOOKMARK [1][-]{section.2.2}{\376\377\000G\000a\000m\000b\000a\000r\000a\000n\000\040\000S\000i\000s\000t\000e\000m\000\040\000S\000a\000a\000t\000\040\000I\000n\000i\000\040\000\050\000a\000t\000a\000u\000\040\000P\000r\000o\000d\000u\000k\000\051}{chapter.2}% 14
\BOOKMARK [2][-]{subsection.2.2.1}{\376\377\000P\000r\000o\000s\000e\000s\000\040\000B\000i\000s\000n\000i\000s\000\040\000S\000i\000s\000t\000e\000m\000\040\000S\000a\000a\000t\000\040\000I\000n\000i\000\040\000\050\000B\000P\000M\000N\000\040\000A\000s\000-\000I\000s\000\051}{section.2.2}% 15
\BOOKMARK [2][-]{subsection.2.2.2}{\376\377\000P\000r\000o\000s\000e\000s\000\040\000B\000i\000s\000n\000i\000s\000\040\000S\000i\000s\000t\000e\000m\000\040\000U\000s\000u\000l\000a\000n\000\040\000\050\000B\000P\000M\000N\000\040\000T\000o\000-\000B\000e\000\051}{section.2.2}% 16
\BOOKMARK [1][-]{section.2.3}{\376\377\000P\000r\000o\000d\000u\000k\000\040\000d\000a\000n\000\040\000L\000a\000y\000a\000n\000a\000n}{chapter.2}% 17
\BOOKMARK [1][-]{section.2.4}{\376\377\000K\000i\000n\000e\000r\000j\000a\000\040\000S\000i\000s\000t\000e\000m\000\040}{chapter.2}% 18
\BOOKMARK [1][-]{section.2.5}{\376\377\000G\000a\000m\000i\000f\000i\000c\000a\000t\000i\000o\000n}{chapter.2}% 19
\BOOKMARK [1][-]{section.2.6}{\376\377\000H\000u\000b\000u\000n\000g\000a\000n\000\040\000G\000a\000m\000i\000f\000i\000c\000a\000t\000i\000o\000n\000\040\000d\000e\000n\000g\000a\000n\000\040\000S\000i\000s\000t\000e\000m\000\040\000Y\000u\000m\000a\000s\000a\000k\000\040}{chapter.2}% 20
\BOOKMARK [0][-]{chapter.3}{\376\377\000P\000E\000M\000O\000D\000E\000L\000A\000N\000\040\000D\000A\000N\000\040\000P\000E\000R\000A\000N\000C\000A\000N\000G\000A\000N}{}% 21
\BOOKMARK [1][-]{section.3.1}{\376\377\000A\000r\000s\000i\000t\000e\000k\000t\000u\000r\000\040\000S\000i\000s\000t\000e\000m}{chapter.3}% 22
\BOOKMARK [1][-]{section.3.2}{\376\377\000P\000e\000m\000o\000d\000e\000l\000a\000n\000\040\000S\000i\000s\000t\000e\000m\000\040\000d\000a\000n\000\040\000D\000a\000t\000a}{chapter.3}% 23
\BOOKMARK [1][-]{section.3.3}{\376\377\000P\000e\000r\000a\000n\000c\000a\000n\000g\000a\000n\000\040\000A\000n\000t\000a\000r\000m\000u\000k\000a\000\040\000P\000e\000n\000g\000g\000u\000n\000a}{chapter.3}% 24
\BOOKMARK [1][-]{section.3.4}{\376\377\000K\000e\000b\000u\000t\000u\000h\000a\000n\000\040\000P\000e\000r\000a\000n\000g\000k\000a\000t\000\040\000K\000e\000r\000a\000s\000\040\000d\000a\000n\000\040\000P\000e\000r\000a\000n\000g\000k\000a\000t\000\040\000L\000u\000n\000a\000k}{chapter.3}% 25
\BOOKMARK [2][-]{subsection.3.4.1}{\376\377\000P\000e\000n\000g\000e\000m\000b\000a\000n\000g\000a\000n\000\040\000S\000i\000s\000t\000e\000m}{section.3.4}% 26
\BOOKMARK [2][-]{subsection.3.4.2}{\376\377\000I\000m\000p\000l\000e\000m\000e\000n\000t\000a\000s\000i\000\040\000S\000i\000s\000t\000e\000m}{section.3.4}% 27
\BOOKMARK [0][-]{chapter.4}{\376\377\000I\000M\000P\000L\000E\000M\000E\000N\000T\000A\000S\000I\000\040\000D\000A\000N\000\040\000P\000E\000N\000G\000U\000J\000I\000A\000N}{}% 28
\BOOKMARK [1][-]{section.4.1}{\376\377\000I\000m\000p\000l\000e\000m\000e\000n\000t\000a\000s\000i}{chapter.4}% 29
\BOOKMARK [1][-]{section.4.2}{\376\377\000P\000e\000n\000g\000u\000j\000i\000a\000n}{chapter.4}% 30
\BOOKMARK [0][-]{chapter.5}{\376\377\000P\000E\000N\000U\000T\000U\000P}{}% 31
\BOOKMARK [1][-]{section.5.1}{\376\377\000K\000e\000s\000i\000m\000p\000u\000l\000a\000n}{chapter.5}% 32
\BOOKMARK [1][-]{section.5.2}{\376\377\000S\000a\000r\000a\000n}{chapter.5}% 33
